YYYYMMDD HH:MM measured temperature
20141212 00:00 2.8125
20141212 00:10 2.875
20141212 00:20 2.75
20141212 00:30 2.75
20141212 00:40 2.8125
20141212 00:50 2.875
20141212 01:00 3
20141212 01:10 3.125
20141212 01:20 3.25
20141212 01:30 3.4375
20141212 01:40 3.5
20141212 01:50 3.5
20141212 02:00 3.625
20141212 02:10 3.8125
20141212 02:20 3.9375
20141212 02:30 4.0625
20141212 02:40 4.1875
20141212 02:50 4.3125
20141212 03:00 4.3125
20141212 03:10 4.6875
20141212 03:20 4.875
20141212 03:30 4.875
20141212 03:40 4.5625
20141212 03:50 4.4375
20141212 04:00 4.375
20141212 04:10 4.25
20141212 04:20 4.1875
20141212 04:30 4.125
20141212 04:40 4.125
20141212 04:50 4.125
20141212 05:00 4.0625
20141212 05:10 4.25
20141212 05:20 4.125
20141212 05:30 4.125
20141212 05:40 4.1875
20141212 05:50 4.1875
20141212 06:00 4.3125
20141212 06:10 4.5
20141212 06:20 4.75
20141212 06:30 4.9375
20141212 06:40 5.1875
20141212 06:50 5.4375
20141212 07:00 5.625
20141212 07:10 5.75
20141212 07:20 5.75
20141212 07:30 5.875
20141212 07:40 6
20141212 07:50 6
20141212 08:00 6
20141212 08:10 6
20141212 08:20 6.0625
20141212 08:30 6
20141212 08:40 6.0625
20141212 08:50 6.125
20141212 09:00 6.1875
20141212 09:10 6.1875
20141212 09:20 6.25
20141212 09:30 6.3125
20141212 09:40 6.3125
20141212 09:50 6.3125
20141212 10:00 6.3125
20141212 10:10 6.375
20141212 10:20 6.3125
20141212 10:30 6.3125
20141212 10:40 6.3125
20141212 10:50 6.3125
20141212 11:00 6.375
20141212 11:10 6.375
20141212 11:20 6.4375
20141212 11:30 6.5
20141212 11:40 6.625
20141212 11:50 6.625
20141212 12:00 6.75
20141212 12:10 6.75
20141212 12:20 6.875
20141212 12:30 6.875
20141212 12:40 7
20141212 12:50 7.0625
20141212 13:00 7.125
20141212 13:10 7.125
20141212 13:20 7.25
20141212 13:30 7.25
20141212 13:40 7.375
20141212 13:50 7.4375
20141212 14:00 7.5625
20141212 14:10 7.6875
20141212 14:20 7.6875
20141212 14:30 7.6875
20141212 14:40 7.75
20141212 14:50 7.8125
20141212 15:00 7.8125
20141212 15:10 7.875
20141212 15:20 7.875
20141212 15:30 7.9375
20141212 15:40 7.9375
20141212 15:50 7.9375
20141212 16:00 7.9375
20141212 16:10 8
20141212 16:20 7.8125
20141212 16:30 7.25
20141212 16:40 7.125
20141212 16:50 7
20141212 17:00 6.875
20141212 17:10 6.8125
20141212 17:20 6.6875
20141212 17:30 6.6875
20141212 17:40 6.625
20141212 17:50 6.75
20141212 18:00 6.8125
20141212 18:10 6.875
20141212 18:20 6.8125
20141212 18:30 6.875
20141212 18:40 6.9375
20141212 18:50 6.875
20141212 19:00 6.9375
20141212 19:10 6.875
20141212 19:20 6.75
20141212 19:30 6.75
20141212 19:40 6.75
20141212 19:50 6.6875
20141212 20:00 6.6875
20141212 20:10 6.625
20141212 20:20 6.5625
20141212 20:30 6.5625
20141212 20:40 6.5
20141212 20:50 6.1875
20141212 21:00 5.875
20141212 21:10 5.625
20141212 21:20 5.5625
20141212 21:30 5.6875
20141212 21:40 5.5625
20141212 21:50 5.5
20141212 22:00 5.375
20141212 22:10 5.25
20141212 22:20 5.375
20141212 22:30 5.4375
20141212 22:40 5.5
20141212 22:50 5.4375
20141212 23:00 5.0625
20141212 23:10 4.875
20141212 23:20 4.625
20141212 23:30 4.5
20141212 23:40 4.375
20141212 23:50 4.3125
