YYYYMMDD HH:MM measured temperature
20151231 00:00 2.375
20151231 00:10 2.375
20151231 00:20 2.375
20151231 00:30 2.375
20151231 00:40 2.25
20151231 00:50 2.375
20151231 01:00 2.25
20151231 01:10 2.125
20151231 01:20 2.125
20151231 01:30 2
20151231 01:40 1.875
20151231 01:50 1.875
20151231 02:00 1.875
20151231 02:10 1.875
20151231 02:20 1.875
20151231 02:30 1.875
20151231 02:40 1.875
20151231 02:50 2
20151231 03:00 1.875
20151231 03:10 1.875
20151231 03:20 1.875
20151231 03:30 1.875
20151231 03:40 1.75
20151231 03:50 1.875
20151231 04:00 1.875
20151231 04:10 1.75
20151231 04:20 1.625
20151231 04:30 1.625
20151231 04:40 1.5
20151231 04:50 1.5
20151231 05:00 1.5
20151231 05:10 1.375
20151231 05:20 1.25
20151231 05:30 1.375
20151231 05:40 1.25
20151231 05:50 1.25
20151231 06:00 1.375
20151231 06:10 1.375
20151231 06:20 1.375
20151231 06:30 1.375
20151231 06:40 1.5
20151231 06:50 1.5
20151231 07:00 1.625
20151231 07:10 1.75
20151231 07:20 1.875
20151231 07:30 1.875
20151231 07:40 2
20151231 07:50 2
20151231 08:00 2.125
20151231 08:10 2.125
20151231 08:20 2.125
20151231 08:30 2.125
20151231 08:40 2.25
20151231 08:50 2.25
20151231 09:00 2.375
20151231 09:10 2.625
20151231 09:20 2.5
20151231 09:30 2.5
20151231 09:40 2.625
20151231 09:50 2.625
20151231 10:00 2.625
20151231 10:10 2.625
20151231 10:20 2.75
20151231 10:30 2.75
20151231 10:40 2.875
20151231 10:50 3
20151231 11:00 3.125
20151231 11:10 3.25
20151231 11:20 3.375
20151231 11:30 3.625
20151231 11:40 3.75
20151231 11:50 3.875
20151231 12:00 4
20151231 12:10 4.125
20151231 12:20 4.25
20151231 12:30 4.5
20151231 12:40 4.75
20151231 12:50 5
20151231 13:00 5.25
20151231 13:10 5.5
20151231 13:20 5.625
20151231 13:30 5.75
20151231 13:40 5.75
20151231 13:50 5.875
20151231 14:00 5.875
20151231 14:10 6
20151231 14:20 6.125
20151231 14:30 6.375
20151231 14:40 6.375
20151231 14:50 6.5
20151231 15:00 6.5
20151231 15:10 6.5
20151231 15:20 6.5
20151231 15:30 6.5
20151231 15:40 6.5
20151231 15:50 6.5
20151231 16:00 6.375
20151231 16:10 6.25
20151231 16:20 6
20151231 16:30 6
20151231 16:40 6
20151231 16:50 5.875
20151231 17:00 5.875
20151231 17:10 5.75
20151231 17:20 5.75
20151231 17:30 5.625
20151231 17:40 5.5
20151231 17:50 5.25
20151231 18:00 5
20151231 18:10 5.125
20151231 18:20 5
20151231 18:30 4.875
20151231 18:40 4.75
20151231 18:50 4.875
20151231 19:00 4.875
20151231 19:10 4.5
20151231 19:20 4.9375
20151231 19:30 4.9375
20151231 19:40 5.25
20151231 19:50 5.0625
20151231 20:00 4.8125
20151231 20:10 5
20151231 20:20 4.25
20151231 20:30 4.5
20151231 20:40 4.375
20151231 20:50 3.875
20151231 21:00 3.25
20151231 21:10 3.1875
20151231 21:20 3.5625
20151231 21:30 3.375
20151231 21:40 3.25
20151231 21:50 85
20151231 22:00 3.75
20151231 22:10 3.375
20151231 22:20 3
20151231 22:30 2.625
20151231 22:40 2.625
20151231 22:50 85
20151231 23:00 2.8125
20151231 23:10 2.125
20151231 23:20 2.4375
20151231 23:30 85
20151231 23:40 2.4375
20151231 23:50 2.375
