YYYYMMDD HH:MM measured temperature
20150101 00:00 2.75
20150101 00:10 2.625
20150101 00:20 2.5
20150101 00:30 2.3125
20150101 00:40 2.3125
20150101 00:50 2.1875
20150101 01:00 2.125
20150101 01:10 2
20150101 01:20 1.9375
20150101 01:30 1.9375
20150101 01:40 1.8125
20150101 01:50 1.875
20150101 02:00 2.0625
20150101 02:10 1.875
20150101 02:20 1.875
20150101 02:30 1.6875
20150101 02:40 1.75
20150101 02:50 1.75
20150101 03:00 2
20150101 03:10 2.25
20150101 03:20 2.375
20150101 03:30 2.625
20150101 03:40 2.75
20150101 03:50 2.75
20150101 04:00 2.8125
20150101 04:10 2.9375
20150101 04:20 3
20150101 04:30 3
20150101 04:40 2.875
20150101 04:50 2.625
20150101 05:00 2.75
20150101 05:10 2.875
20150101 05:20 2.9375
20150101 05:30 3
20150101 05:40 3
20150101 05:50 3
20150101 06:00 2.875
20150101 06:10 2.75
20150101 06:20 2.625
20150101 06:30 2.5
20150101 06:40 2.25
20150101 06:50 2.125
20150101 07:00 1.8125
20150101 07:10 1.6875
20150101 07:20 1.625
20150101 07:30 1.625
20150101 07:40 1.5
20150101 07:50 1.4375
20150101 08:00 1.5
20150101 08:10 1.375
20150101 08:20 1.3125
20150101 08:30 1.3125
20150101 08:40 1.375
20150101 08:50 1.375
20150101 09:00 1.375
20150101 09:10 1.625
20150101 09:20 1.625
20150101 09:30 1.625
20150101 09:40 1.75
20150101 09:50 2.125
20150101 10:00 2.625
20150101 10:10 2.75
20150101 10:20 2.6875
20150101 10:30 2.75
20150101 10:40 2.8125
20150101 10:50 3
20150101 11:00 3.25
20150101 11:10 3.375
20150101 11:20 4.375
20150101 11:30 5.3125
20150101 11:40 5.25
20150101 11:50 6.1875
20150101 12:00 4.8125
20150101 12:10 4.625
20150101 12:20 4.5
20150101 12:30 6.375
20150101 12:40 4.75
20150101 12:50 4.375
20150101 13:00 4.9375
20150101 13:10 4.875
20150101 13:20 6.75
20150101 13:30 7.75
20150101 13:40 6.125
20150101 13:50 5.125
20150101 14:00 5.125
20150101 14:10 6.3125
20150101 14:20 5.125
20150101 14:30 4.75
20150101 14:40 4.75
20150101 14:50 4.75
20150101 15:00 4.75
20150101 15:10 4.625
20150101 15:20 4.4375
20150101 15:30 4.375
20150101 15:40 4.25
20150101 15:50 4.125
20150101 16:00 3.875
20150101 16:10 3.875
20150101 16:20 3.625
20150101 16:30 3.5
20150101 16:40 3.6875
20150101 16:50 3.8125
20150101 17:00 3.875
20150101 17:10 3.8
20150101 17:20 3.75
20150101 17:30 3.8125
20150101 17:40 3.75
20150101 17:50 3.75
20150101 18:00 3.5625
20150101 18:10 3.375
20150101 18:20 3.1875
20150101 18:30 3.125
20150101 18:40 3.25
20150101 18:50 3.125
20150101 19:00 3.25
20150101 19:10 3.125
20150101 19:20 3.1875
20150101 19:30 3.3125
20150101 19:40 3.375
20150101 19:50 3.375
20150101 20:00 3.5
20150101 20:10 3.5
20150101 20:20 3.625
20150101 20:30 3.875
20150101 20:40 3.875
20150101 20:50 3.875
20150101 21:00 4
20150101 21:10 4.125
20150101 21:20 4.125
20150101 21:30 4.25
20150101 21:40 4.375
20150101 21:50 4.375
20150101 22:00 4.4375
20150101 22:10 4.5
20150101 22:20 4.5
20150101 22:30 4.5625
20150101 22:40 4.625
20150101 22:50 4.5625
20150101 23:00 4.625
20150101 23:10 4.625
20150101 23:20 4.625
20150101 23:30 4.75
20150101 23:40 4.75
20150101 23:50 4.875
