YYYYMMDD HH:MM measured temperature
20160726 00:00 19.125
20160726 00:10 19.375
20160726 00:20 19.375
20160726 00:30 19.25
20160726 00:40 19.25
20160726 00:50 19.125
20160726 01:00 18.875
20160726 01:10 18.875
20160726 01:20 18.75
20160726 01:30 18.75
20160726 01:40 18.5625
20160726 01:50 18.5
20160726 02:00 18.375
20160726 02:10 18.125
20160726 02:20 17.875
20160726 02:30 17.875
20160726 02:40 17.625
20160726 02:50 17.375
20160726 03:00 17.0625
20160726 03:10 16.875
20160726 03:20 16.625
20160726 03:30 16.5
20160726 03:40 85
20160726 03:50 16.375
20160726 04:00 85
20160726 04:10 15.9375
20160726 04:20 15.8125
20160726 04:30 15.625
20160726 04:40 85
20160726 04:50 15.3125
20160726 05:00 15
20160726 05:10 14.875
20160726 05:20 85
20160726 05:30 14.75
20160726 05:40 14.625
20160726 05:50 14.8125
20160726 06:00 14.8125
20160726 06:10 15
20160726 06:20 15.125
20160726 06:30 15
20160726 06:40 15.1875
20160726 06:50 85
20160726 07:00 15.625
20160726 07:10 85
20160726 07:20 15.9375
20160726 07:30 16.25
20160726 07:40 85
20160726 07:50 85
20160726 08:00 85
20160726 08:10 16.5
20160726 08:20 16.75
20160726 08:30 16.875
20160726 08:40 17.25
20160726 08:50 17.25
20160726 09:00 17
20160726 09:10 17.625
20160726 09:20 17.75
20160726 09:30 18
20160726 09:40 18.625
20160726 09:50 19
20160726 10:00 19.25
20160726 10:10 19.75
20160726 10:20 19.875
20160726 10:30 20.75
20160726 10:40 20.75
20160726 10:50 21
20160726 11:00 21.375
20160726 11:10 21.625
20160726 11:20 21.375
20160726 11:30 22.25
20160726 11:40 22.25
20160726 11:50 22.625
20160726 12:00 22.25
20160726 12:10 23.125
20160726 12:20 23.25
20160726 12:30 23.75
20160726 12:40 23.75
20160726 12:50 23
20160726 13:00 22.625
20160726 13:10 22.5
20160726 13:20 23.625
20160726 13:30 23.75
20160726 13:40 24.625
20160726 13:50 24.875
20160726 14:00 25.125
20160726 14:10 24.5
20160726 14:20 22.5
20160726 14:30 23.75
20160726 14:40 23.5
20160726 14:50 22.75
20160726 15:00 23
20160726 15:10 24.5
20160726 15:20 23.125
20160726 15:30 22.875
20160726 15:40 22.625
20160726 15:50 23
20160726 16:00 24
20160726 16:10 24.125
20160726 16:20 24
20160726 16:30 25.125
20160726 16:40 24.375
20160726 16:50 24.625
20160726 17:00 24.75
20160726 17:10 24.625
20160726 17:20 23.75
20160726 17:30 24.375
20160726 17:40 24.125
20160726 17:50 24
20160726 18:00 23.5
20160726 18:10 23.75
20160726 18:20 23.625
20160726 18:30 24.25
20160726 18:40 23.875
20160726 18:50 23.5
20160726 19:00 23.125
20160726 19:10 23.375
20160726 19:20 22.75
20160726 19:30 22.875
20160726 19:40 22.75
20160726 19:50 22.25
20160726 20:00 21.875
20160726 20:10 21.625
20160726 20:20 21.125
20160726 20:30 20.75
20160726 20:40 20.5
20160726 20:50 20
20160726 21:00 19.5
20160726 21:10 19.125
20160726 21:20 18.5
20160726 21:30 18.125
20160726 21:40 17.875
20160726 21:50 17.875
20160726 22:00 17.75
20160726 22:10 17.625
20160726 22:20 17.625
20160726 22:30 17.5
20160726 22:40 17.375
20160726 22:50 17.375
20160726 23:00 17.5
20160726 23:10 17.5
20160726 23:20 17.25
20160726 23:30 17.125
20160726 23:40 17
20160726 23:50 17
