YYYYMMDD HH:MM measured temperature
20141231 00:00 4.375
20141231 00:10 4.375
20141231 00:20 4.3125
20141231 00:30 4.1875
20141231 00:40 4.25
20141231 00:50 4.1875
20141231 01:00 4.125
20141231 01:10 4.125
20141231 01:20 4.125
20141231 01:30 4.1875
20141231 01:40 4.1875
20141231 01:50 4.25
20141231 02:00 4.3125
20141231 02:10 4.375
20141231 02:20 4.375
20141231 02:30 4.5
20141231 02:40 4.375
20141231 02:50 4.5
20141231 03:00 4.5
20141231 03:10 4.5
20141231 03:20 4.5
20141231 03:30 4.625
20141231 03:40 4.625
20141231 03:50 4.75
20141231 04:00 4.75
20141231 04:10 4.875
20141231 04:20 5
20141231 04:30 4.875
20141231 04:40 5
20141231 04:50 4.9375
20141231 05:00 4.9375
20141231 05:10 5.0625
20141231 05:20 5.0625
20141231 05:30 5.0625
20141231 05:40 5.125
20141231 05:50 5.125
20141231 06:00 5.1875
20141231 06:10 5.1875
20141231 06:20 5.375
20141231 06:30 5.5
20141231 06:40 5.5
20141231 06:50 5.5
20141231 07:00 5.5
20141231 07:10 5.5625
20141231 07:20 5.625
20141231 07:30 5.6875
20141231 07:40 5.75
20141231 07:50 5.8125
20141231 08:00 5.8125
20141231 08:10 5.875
20141231 08:20 6
20141231 08:30 6
20141231 08:40 5.9375
20141231 08:50 5.9375
20141231 09:00 5.9375
20141231 09:10 6
20141231 09:20 6
20141231 09:30 6.0625
20141231 09:40 6.125
20141231 09:50 6.1875
20141231 10:00 6.25
20141231 10:10 6.4375
20141231 10:20 6.4375
20141231 10:30 6.5
20141231 10:40 6.5625
20141231 10:50 6.625
20141231 11:00 6.625
20141231 11:10 6.6875
20141231 11:20 6.875
20141231 11:30 6.8125
20141231 11:40 6.8125
20141231 11:50 6.875
20141231 12:00 6.9375
20141231 12:10 7.125
20141231 12:20 7.0625
20141231 12:30 7.1875
20141231 12:40 7.1875
20141231 12:50 7.25
20141231 13:00 7.375
20141231 13:10 7.5
20141231 13:20 7.5
20141231 13:30 7.5
20141231 13:40 7.5625
20141231 13:50 7.75
20141231 14:00 7.625
20141231 14:10 7.625
20141231 14:20 7.75
20141231 14:30 7.75
20141231 14:40 7.6875
20141231 14:50 7.625
20141231 15:00 7.6875
20141231 15:10 7.625
20141231 15:20 7.5
20141231 15:30 7.375
20141231 15:40 7.3125
20141231 15:50 7.375
20141231 16:00 7.375
20141231 16:10 7.125
20141231 16:20 6.75
20141231 16:30 6.375
20141231 16:40 6.125
20141231 16:50 5.875
20141231 17:00 5.625
20141231 17:10 5.3125
20141231 17:20 5.0625
20141231 17:30 5.1875
20141231 17:40 5.25
20141231 17:50 5.375
20141231 18:00 5.5
20141231 18:10 5.625
20141231 18:20 5.625
20141231 18:30 5.625
20141231 18:40 5.5625
20141231 18:50 5.5
20141231 19:00 5.625
20141231 19:10 5.75
20141231 19:20 6
20141231 19:30 6.125
20141231 19:40 6
20141231 19:50 6.125
20141231 20:00 5.875
20141231 20:10 5.6875
20141231 20:20 5.625
20141231 20:30 5.5
20141231 20:40 5.125
20141231 20:50 4.75
20141231 21:00 4.5
20141231 21:10 4.375
20141231 21:20 4.25
20141231 21:30 4.125
20141231 21:40 4
20141231 21:50 3.75
20141231 22:00 3.625
20141231 22:10 3.5
20141231 22:20 3.625
20141231 22:30 3.5
20141231 22:40 3.375
20141231 22:50 3.25
20141231 23:00 3.125
20141231 23:10 3.125
20141231 23:20 3.125
20141231 23:30 3
20141231 23:40 2.9375
20141231 23:50 2.75
