YYYYMMDD HH:MM measured temperature
20141213 00:00 4.3125
20141213 00:10 4.1875
20141213 00:20 4.3125
20141213 00:30 4.25
20141213 00:40 4.1875
20141213 00:50 4.1875
20141213 01:00 4.25
20141213 01:10 4.3125
20141213 01:20 4.25
20141213 01:30 4.0625
20141213 01:40 3.9375
20141213 01:50 3.75
20141213 02:00 3.75
20141213 02:10 3.8125
20141213 02:20 3.75
20141213 02:30 3.8125
20141213 02:40 3.625
20141213 02:50 3.5625
20141213 03:00 3.625
20141213 03:10 3.5625
20141213 03:20 3.625
20141213 03:30 3.5
20141213 03:40 3.4375
20141213 03:50 3.4375
20141213 04:00 3.375
20141213 04:10 3.375
20141213 04:20 3.3125
20141213 04:30 3.3125
20141213 04:40 3.25
20141213 04:50 3.25
20141213 05:00 3.125
20141213 05:10 3.0625
20141213 05:20 3
20141213 05:30 3
20141213 05:40 3.0625
20141213 05:50 3.0625
20141213 06:00 3.0625
20141213 06:10 3.125
20141213 06:20 3.1875
20141213 06:30 3.125
20141213 06:40 3
20141213 06:50 3
20141213 07:00 2.9375
20141213 07:10 3
20141213 07:20 3
20141213 07:30 3
20141213 07:40 3
20141213 07:50 3.0625
20141213 08:00 3
20141213 08:10 3.0625
20141213 08:20 3.0625
20141213 08:30 3
20141213 08:40 3.125
20141213 08:50 3.25
20141213 09:00 3.3125
20141213 09:10 3.4375
20141213 09:20 3.5
20141213 09:30 3.625
20141213 09:40 3.6875
20141213 09:50 3.8125
20141213 10:00 3.9375
20141213 10:10 4.0625
20141213 10:20 4.125
20141213 10:30 4.1875
20141213 10:40 4.3125
20141213 10:50 4.5
20141213 11:00 4.6875
20141213 11:10 4.875
20141213 11:20 5
20141213 11:30 5.1875
20141213 11:40 5.1875
20141213 11:50 5.3125
20141213 12:00 5.3125
20141213 12:10 5.4375
20141213 12:20 5.5625
20141213 12:30 5.625
20141213 12:40 5.625
20141213 12:50 5.6875
20141213 13:00 5.625
20141213 13:10 5.5625
20141213 13:20 5.5625
20141213 13:30 5.5625
20141213 13:40 5.5
20141213 13:50 5.5
20141213 14:00 5.5625
20141213 14:10 5.5625
20141213 14:20 5.25
20141213 14:30 5.125
20141213 14:40 5.1875
20141213 14:50 5.1875
20141213 15:00 5.0625
20141213 15:10 4.9375
20141213 15:20 4.875
20141213 15:30 4.625
20141213 15:40 4.5625
20141213 15:50 4.375
20141213 16:00 4.1875
20141213 16:10 4
20141213 16:20 4
20141213 16:30 3.6875
20141213 16:40 3.5625
20141213 16:50 3.4375
20141213 17:00 3.3125
20141213 17:10 3.1875
20141213 17:20 3.125
20141213 17:30 2.8125
20141213 17:40 2.625
20141213 17:50 2.4375
20141213 18:00 2.375
20141213 18:10 2.3125
20141213 18:20 2.0625
20141213 18:30 1.75
20141213 18:40 1.5625
20141213 18:50 1.5625
20141213 19:00 1.8125
20141213 19:10 1.8125
20141213 19:20 1.875
20141213 19:30 1.875
20141213 19:40 1.875
20141213 19:50 1.875
20141213 20:00 1.75
20141213 20:10 1.5625
20141213 20:20 1.25
20141213 20:30 1.1875
20141213 20:40 1
20141213 20:50 0.875
20141213 21:00 0.9375
20141213 21:10 0.9375
20141213 21:20 1.125
20141213 21:30 1.125
20141213 21:40 1.125
20141213 21:50 1.1875
20141213 22:00 0.8125
20141213 22:10 1
20141213 22:20 1.1875
20141213 22:30 1.3125
20141213 22:40 1.375
20141213 22:50 1.375
20141213 23:00 1.5
20141213 23:10 1.5
20141213 23:20 1.8125
20141213 23:30 2
20141213 23:40 2.125
20141213 23:50 2.25
