YYYYMMDD HH:MM measured temperature
20160101 00:00 2.25
20160101 00:10 2.25
20160101 00:20 2.0625
20160101 00:30 85
20160101 00:40 2.125
20160101 00:50 1.9375
20160101 01:00 85
20160101 01:10 1.8125
20160101 01:20 1.875
20160101 01:30 1.875
20160101 01:40 1.8125
20160101 01:50 2
20160101 02:00 2
20160101 02:10 2.125
20160101 02:20 2.375
20160101 02:30 2.375
20160101 02:40 2.375
20160101 02:50 2.25
20160101 03:00 2.375
20160101 03:10 2.125
20160101 03:20 2
20160101 03:30 2
20160101 03:40 1.875
20160101 03:50 1.75
20160101 04:00 1.75
20160101 04:10 1.75
20160101 04:20 1.75
20160101 04:30 1.625
20160101 04:40 1.75
20160101 04:50 1.75
20160101 05:00 1.5
20160101 05:10 1.625
20160101 05:20 1.25
20160101 05:30 1.125
20160101 05:40 1
20160101 05:50 1.375
20160101 06:00 1.25
20160101 06:10 1.25
20160101 06:20 1.25
20160101 06:30 1.5
20160101 06:40 1.875
20160101 06:50 2.125
20160101 07:00 2.375
20160101 07:10 2.375
20160101 07:20 2.375
20160101 07:30 2.125
20160101 07:40 2.25
20160101 07:50 2.5
20160101 08:00 2.625
20160101 08:10 2.75
20160101 08:20 2.875
20160101 08:30 3
20160101 08:40 3.125
20160101 08:50 3.25
20160101 09:00 3.25
20160101 09:10 3.25
20160101 09:20 3.25
20160101 09:30 3.375
20160101 09:40 3.5
20160101 09:50 3.5
20160101 10:00 3.625
20160101 10:10 3.625
20160101 10:20 3.625
20160101 10:30 3.625
20160101 10:40 3.75
20160101 10:50 3.875
20160101 11:00 4.125
20160101 11:10 4.25
20160101 11:20 4.5
20160101 11:30 4.625
20160101 11:40 4.75
20160101 11:50 4.75
20160101 12:00 4.875
20160101 12:10 4.875
20160101 12:20 5.25
20160101 12:30 5.5
20160101 12:40 5.625
20160101 12:50 5.75
20160101 13:00 5.75
20160101 13:10 6.375
20160101 13:20 6.625
20160101 13:30 6.625
20160101 13:40 6.375
20160101 13:50 6.625
20160101 14:00 6.375
20160101 14:10 6.375
20160101 14:20 6.375
20160101 14:30 5.875
20160101 14:40 5.625
20160101 14:50 5.625
20160101 15:00 5.5
20160101 15:10 5.125
20160101 15:20 5
20160101 15:30 4.375
20160101 15:40 4.5
20160101 15:50 4.5
20160101 16:00 4.75
20160101 16:10 4.875
20160101 16:20 4.875
20160101 16:30 5
20160101 16:40 5
20160101 16:50 4.875
20160101 17:00 5
20160101 17:10 5.125
20160101 17:20 5.125
20160101 17:30 5
20160101 17:40 5
20160101 17:50 5
20160101 18:00 5
20160101 18:10 5
20160101 18:20 5
20160101 18:30 5
20160101 18:40 5
20160101 18:50 5
20160101 19:00 5.125
20160101 19:10 5.125
20160101 19:20 5.125
20160101 19:30 5.125
20160101 19:40 5.125
20160101 19:50 5.125
20160101 20:00 5.125
20160101 20:10 5.125
20160101 20:20 5.125
20160101 20:30 5
20160101 20:40 5
20160101 20:50 4.75
20160101 21:00 4.75
20160101 21:10 4.75
20160101 21:20 4.75
20160101 21:30 4.625
20160101 21:40 4.5
20160101 21:50 4.375
20160101 22:00 4.5
20160101 22:10 4.375
20160101 22:20 4.375
20160101 22:30 4.375
20160101 22:40 4.5
20160101 22:50 4.5
20160101 23:00 4.5
20160101 23:10 4.5
20160101 23:20 4.375
20160101 23:30 4.25
20160101 23:40 4.25
20160101 23:50 4.125
